  Animation.cpp
C:\Users\menta\source\repos\Game\SFML\Animation.cpp(9,38): warning C4244: '=': conversion from 'float' to 'T', possible loss of data
          with
          [
              T=int
          ]
C:\Users\menta\source\repos\Game\SFML\Animation.cpp(10,39): warning C4244: '=': conversion from 'float' to 'T', possible loss of data
          with
          [
              T=int
          ]
  Collider.cpp
  Obstacle.cpp
  Game.cpp
C:\Users\menta\source\repos\Game\SFML\Game.cpp(76,61): warning C4244: 'argument': conversion from 'float' to 'unsigned int', possible loss of data
C:\Users\menta\source\repos\Game\SFML\Game.cpp(76,52): warning C4244: 'argument': conversion from 'float' to 'unsigned int', possible loss of data
  main.cpp
C:\Users\menta\source\repos\Game\SFML\main.cpp(15,16): warning C4244: 'argument': conversion from 'time_t' to 'unsigned int', possible loss of data
  Platform.cpp
  Player.cpp
  Weapon.cpp
  Generating Code...
sfml-graphics-d.lib(sfml-graphics-d-2.dll) : fatal error LNK1112: module machine type 'x86' conflicts with target machine type 'x64'
